<?xml version="1.0" encoding="UTF-8"?>
<!-- Generated by org.testng.reporters.JUnitReportReporter -->
<testsuite hostname="DESKTOP-OKOA3DF" failures="0" tests="1" name="websiteRanking.moduleTest.HomePageTest" time="8.442" errors="0" timestamp="2024-04-26T12:44:55 IST" skipped="0">
  <testcase classname="websiteRanking.moduleTest.HomePageTest" name="verifyThatTheHomepageLoadsCorrectlyTest" time="8.442"/>
  <system-out/>
</testsuite> <!-- websiteRanking.moduleTest.HomePageTest -->
