<?xml version="1.0" encoding="UTF-8"?>
<!-- Generated by org.testng.reporters.JUnitReportReporter -->
<testsuite hostname="DESKTOP-OKOA3DF" failures="0" tests="1" name="websiteRanking.moduleTest.DashboardPageTest" time="5.831" errors="0" timestamp="2024-05-15T15:29:31 IST" skipped="0">
  <testcase classname="websiteRanking.moduleTest.DashboardPageTest" name="verifyThatHomePageIsDisplayedAfterLoginTest" time="5.831"/>
  <system-out/>
</testsuite> <!-- websiteRanking.moduleTest.DashboardPageTest -->
