<?xml version="1.0" encoding="UTF-8"?>
<!-- Generated by org.testng.reporters.JUnitReportReporter -->
<testsuite hostname="DESKTOP-OKOA3DF" failures="0" tests="4" name="practiceSet.VerifyThatTheHomepageLoadsCorrectlyTest" time="11.687" errors="0" timestamp="2024-04-26T17:21:48 IST" skipped="0">
  <testcase classname="practiceSet.VerifyThatTheHomepageLoadsCorrectlyTest" name="verifyThatTheHomepageLoadsCorrectlyTest" time="1.163"/>
  <system-out/>
  <testcase classname="practiceSet.VerifyThatTheHomepageLoadsCorrectlyTest" name="verifyThatNavigationBarIsDisplayedTest" time="3.151"/>
  <system-out/>
  <testcase classname="practiceSet.VerifyThatTheHomepageLoadsCorrectlyTest" name="verifyThatSearchBarIsDisplayedTest" time="5.559"/>
  <system-out/>
  <testcase classname="practiceSet.VerifyThatTheHomepageLoadsCorrectlyTest" name="verifyThatFooterIsDisplayedTest" time="1.814"/>
  <system-out/>
</testsuite> <!-- practiceSet.VerifyThatTheHomepageLoadsCorrectlyTest -->
