<?xml version="1.0" encoding="UTF-8"?>
<!-- Generated by org.testng.reporters.JUnitReportReporter -->
<testsuite hostname="DESKTOP-OKOA3DF" failures="0" tests="1" name="websiteRanking.moduleTest.moduleTest" time="6.694" errors="0" timestamp="2024-04-25T11:39:58 IST" skipped="0">
  <testcase classname="websiteRanking.moduleTest.moduleTest" name="module" time="6.694"/>
  <system-out/>
</testsuite> <!-- websiteRanking.moduleTest.moduleTest -->
