<?xml version="1.0" encoding="UTF-8"?>
<!-- Generated by org.testng.reporters.JUnitReportReporter -->
<testsuite hostname="DESKTOP-OKOA3DF" failures="0" tests="1" name="websiteRanking.moduleTest.PreloginPageTest" time="9.496" errors="0" timestamp="2024-05-15T15:38:20 IST" skipped="0">
  <testcase classname="websiteRanking.moduleTest.PreloginPageTest" name="verifyThatAfterClickingOnBlogLinkItWillNavigateYouToRightPageTest" time="9.496"/>
  <system-out/>
</testsuite> <!-- websiteRanking.moduleTest.PreloginPageTest -->
