<?xml version="1.0" encoding="UTF-8"?>
<!-- Generated by org.testng.reporters.JUnitReportReporter -->
<testsuite hostname="DESKTOP-OKOA3DF" failures="0" tests="1" name="websiteRanking.moduleTest.DashboardPageTest" time="26.342" errors="0" timestamp="2024-05-13T18:12:41 IST" skipped="0">
  <testcase classname="websiteRanking.moduleTest.DashboardPageTest" name="verifyThatProductsDisplayedOnHomePageAreClickable" time="26.342"/>
  <system-out/>
</testsuite> <!-- websiteRanking.moduleTest.DashboardPageTest -->
