<?xml version="1.0" encoding="UTF-8"?>
<!-- Generated by org.testng.reporters.JUnitReportReporter -->
<testsuite hostname="DESKTOP-OKOA3DF" failures="0" tests="1" name="practiceSet.HomePageTestAllLinks" time="20.371" errors="0" timestamp="2024-04-26T15:29:34 IST" skipped="0">
  <testcase classname="practiceSet.HomePageTestAllLinks" name="testHomePageLink" time="20.371"/>
  <system-out/>
</testsuite> <!-- practiceSet.HomePageTestAllLinks -->
